Scalar value @ARGV[0] better written as $ARGV[0] at /tgac/workarea/group-eg/project_koala/src//align.pl line 10.
/tgac/software/testing/bin/core/../..//mafft/7.271/x86_64/bin/mafft: Cannot open output_3/temp/12330.pep.

------------------------------------------------------------------------------
  MAFFT v7.271 (2016/1/6)
  http://mafft.cbrc.jp/alignment/software/
  MBE 30:772-780 (2013), NAR 30:3059-3066 (2002)
------------------------------------------------------------------------------
High speed:
  % mafft in > out
  % mafft --retree 1 in > out (fast)

High accuracy (for <~200 sequences x <~2,000 aa/nt):
  % mafft --maxiterate 1000 --localpair  in > out (% linsi in > out is also ok)
  % mafft --maxiterate 1000 --genafpair  in > out (% einsi in > out)
  % mafft --maxiterate 1000 --globalpair in > out (% ginsi in > out)

If unsure which option to use:
  % mafft --auto in > out

--op # :         Gap opening penalty, default: 1.53
--ep # :         Offset (works like gap extension penalty), default: 0.0
--maxiterate # : Maximum number of iterative refinement, default: 0
--clustalout :   Output: clustal format, default: fasta
--reorder :      Outorder: aligned, default: input order
--quiet :        Do not report progress
--thread # :     Number of threads (if unsure, --thread -1)
FAIL MAFFT output_3/temp/12330.pep
